<?xml version="1.0" encoding="UTF-8"?>
<testng-results ignored="0" total="2" passed="2" failed="0" skipped="0">
  <reporter-output>
  </reporter-output>
  <suite started-at="2021-03-12T19:18:13 IST" name="Suite" finished-at="2021-03-12T19:18:43 IST" duration-ms="29576">
    <groups>
    </groups>
    <test started-at="2021-03-12T19:18:13 IST" name="Test" finished-at="2021-03-12T19:18:43 IST" duration-ms="29576">
      <class name="step_Definition.Step_Def">
        <test-method is-config="true" signature="open_facebook()[pri:0, instance:step_Definition.Step_Def@223aa2f7]" started-at="2021-03-12T19:18:13 IST" name="open_facebook" finished-at="2021-03-12T19:18:20 IST" duration-ms="6894" status="PASS">
          <reporter-output>
          </reporter-output>
        </test-method> <!-- open_facebook -->
        <test-method signature="emailid()[pri:0, instance:step_Definition.Step_Def@223aa2f7]" started-at="2021-03-12T19:18:20 IST" name="emailid" finished-at="2021-03-12T19:18:23 IST" duration-ms="2596" status="PASS">
          <reporter-output>
          </reporter-output>
        </test-method> <!-- emailid -->
        <test-method signature="enter_password()[pri:0, instance:step_Definition.Step_Def@223aa2f7]" started-at="2021-03-12T19:18:23 IST" name="enter_password" finished-at="2021-03-12T19:18:25 IST" duration-ms="2499" status="PASS">
          <reporter-output>
          </reporter-output>
        </test-method> <!-- enter_password -->
        <test-method is-config="true" signature="click_on_Login()[pri:0, instance:step_Definition.Step_Def@223aa2f7]" started-at="2021-03-12T19:18:25 IST" name="click_on_Login" finished-at="2021-03-12T19:18:31 IST" duration-ms="5365" status="PASS">
          <reporter-output>
          </reporter-output>
        </test-method> <!-- click_on_Login -->
        <test-method is-config="true" signature="search_some_one()[pri:0, instance:step_Definition.Step_Def@223aa2f7]" started-at="2021-03-12T19:18:31 IST" name="search_some_one" finished-at="2021-03-12T19:18:43 IST" duration-ms="12172" status="PASS">
          <reporter-output>
          </reporter-output>
        </test-method> <!-- search_some_one -->
      </class> <!-- step_Definition.Step_Def -->
    </test> <!-- Test -->
  </suite> <!-- Suite -->
</testng-results>
